<?xml version="1.0" encoding="UTF-8"?>
<!-- Generated by org.testng.reporters.JUnitReportReporter -->
<testsuite hostname="DESKTOP-GJMFF2T" failures="0" tests="1" name="com.Angelone.Testpackage.TC04verifyLogOutfunctionality" time="15.461" errors="0" timestamp="2022-08-06T19:45:05 IST" skipped="0">
  <testcase classname="com.Angelone.Testpackage.TC04verifyLogOutfunctionality" name="VerifyLogOutFunctionality" time="15.461"/>
  <system-out/>
</testsuite> <!-- com.Angelone.Testpackage.TC04verifyLogOutfunctionality -->
