<?xml version="1.0" encoding="UTF-8"?>
<!-- Generated by org.testng.reporters.JUnitReportReporter -->
<testsuite hostname="DESKTOP-GJMFF2T" failures="0" tests="1" name="com.Angelone.Testpackage.TC03VarifyWeCanBuySymbol" time="39.638" errors="0" timestamp="2022-08-03T12:37:25 IST" skipped="0">
  <testcase classname="com.Angelone.Testpackage.TC03VarifyWeCanBuySymbol" name="BuyStockFunctionality" time="39.638"/>
  <system-out/>
</testsuite> <!-- com.Angelone.Testpackage.TC03VarifyWeCanBuySymbol -->
